2023-08-22 14:45:19,836 - app_log - DEBUG - css_vars_from_file: {'word-border-color': 'white', 'word-font-size': 'calc(5vw + 3vh + 1.5vmin)', 'word-color': 'red', 'table-text': '4.9vw', 'table-border-thickness': '0.3vh', 'header-bg-color': '#242424', 'table-text-color': '#000', 'table-bg-color': '#47ab37', 'table-border-color': 'black', 'animation-speed': '3s', 'table-font-size': '2.2vw', 'word_border_color': 'black', 'shadow': '#000000'}
2023-08-22 14:45:19,837 - app_log - DEBUG - new_css_vars: {'word-border-color': 'white', 'word-font-size': 'calc(5vw + 3vh + 1.5vmin)', 'word-color': 'green', 'table-text': '4.9vw', 'table-border-thickness': '0.3vh', 'header-bg-color': '#242424', 'table-text-color': '#000', 'table-bg-color': '#47ab37', 'table-border-color': 'black', 'animation-speed': '3s', 'table-font-size': '2.2vw', 'word_border_color': 'black', 'shadow': '#000000'}
2023-08-22 14:45:19,837 - app_log - DEBUG - config['css_vars']: {'shadow': '#000000', 'header-bg-color': '#242424', 'table-text-color': '#000', 'table-bg-color': '#47ab37', 'table-border-color': 'black', 'word-border-color': 'white', 'animation-speed': '3s', 'table-font-size': '2.2vw', 'table-border-thickness': '0.3vh', 'table-text': '4.9vw', 'word-color': 'green', 'word_border_color': 'black', 'word-font-size': 'calc(5vw + 3vh + 1.5vmin)'}
2023-08-22 14:45:19,852 - app_log - DEBUG - css_vars: {'word-border-color': 'white', 'word-font-size': 'calc(5vw + 3vh + 1.5vmin)', 'word-color': 'red', 'table-text': '4.9vw', 'table-border-thickness': '0.3vh', 'header-bg-color': '#242424', 'table-text-color': '#000', 'table-bg-color': '#47ab37', 'table-border-color': 'black', 'animation-speed': '3s', 'table-font-size': '2.2vw', 'word_border_color': 'black', 'shadow': '#000000'}
2023-08-22 14:45:19,852 - app_log - DEBUG - times: {'Montag': ['222', '22'], 'Dienstag': ['sda', 'dsa'], 'Mittwoch': ['dsdssadsa', 'ssss'], 'Donnerstag': ['7s', 'dsad'], 'Freitag': ['9s', '10']}
2023-08-22 14:45:20,410 - app_log - DEBUG - Changes Detected
2023-08-22 21:03:03,138 - app_log - DEBUG - css_vars: {'word-border-color': 'white', 'word-font-size': 'calc(5vw + 3vh + 1.5vmin)', 'word-color': 'red', 'table-text': '4.9vw', 'table-border-thickness': '0.3vh', 'header-bg-color': '#242424', 'table-text-color': '#000', 'table-bg-color': '#47ab37', 'table-border-color': 'black', 'animation-speed': '3s', 'table-font-size': '2.2vw', 'word_border_color': 'black', 'shadow': '#000000'}
2023-08-22 21:03:03,138 - app_log - DEBUG - times: {'Montag': ['222', '22'], 'Dienstag': ['sda', 'dsa'], 'Mittwoch': ['dsdssadsa', 'ssss'], 'Donnerstag': ['7s', 'dsad'], 'Freitag': ['9s', '10']}
2023-08-22 21:03:11,065 - app_log - DEBUG - css_vars_from_file: {'word-border-color': 'white', 'word-font-size': 'calc(5vw + 3vh + 1.5vmin)', 'word-color': 'red', 'table-text': '4.9vw', 'table-border-thickness': '0.3vh', 'header-bg-color': '#242424', 'table-text-color': '#000', 'table-bg-color': '#47ab37', 'table-border-color': 'black', 'animation-speed': '3s', 'table-font-size': '2.2vw', 'word_border_color': 'black', 'shadow': '#000000'}
2023-08-22 21:03:11,065 - app_log - DEBUG - new_css_vars: {'word-border-color': 'white', 'word-font-size': 'calc(5vw + 3vh + 1.5vmin)', 'word-color': 'red', 'table-text': '4.9vw', 'table-border-thickness': '0.3vh', 'header-bg-color': '#242424', 'table-text-color': '#000', 'table-bg-color': '#47ab37', 'table-border-color': 'black', 'animation-speed': '3s', 'table-font-size': '2.2vw', 'word_border_color': 'black', 'shadow': '#000000'}
2023-08-22 21:03:11,065 - app_log - DEBUG - config['css_vars']: {'shadow': '#000000', 'header-bg-color': '#242424', 'table-text-color': '#000', 'table-bg-color': '#47ab37', 'table-border-color': 'black', 'word-border-color': 'white', 'animation-speed': '3s', 'table-font-size': '2.2vw', 'table-border-thickness': '0.3vh', 'table-text': '4.9vw', 'word-color': 'red', 'word_border_color': 'black', 'word-font-size': 'calc(5vw + 3vh + 1.5vmin)'}
2023-08-22 21:03:11,094 - app_log - DEBUG - css_vars: {'word-border-color': 'white', 'word-font-size': 'calc(5vw + 3vh + 1.5vmin)', 'word-color': 'red', 'table-text': '4.9vw', 'table-border-thickness': '0.3vh', 'header-bg-color': '#242424', 'table-text-color': '#000', 'table-bg-color': '#47ab37', 'table-border-color': 'black', 'animation-speed': '3s', 'table-font-size': '2.2vw', 'word_border_color': 'black', 'shadow': '#000000'}
2023-08-22 21:03:11,094 - app_log - DEBUG - times: {'Montag': ['222', '22'], 'Dienstag': ['sda', 'dsa'], 'Mittwoch': ['dsdssadsa', 'ssss'], 'Donnerstag': ['7s', 'dsad'], 'Freitag': ['9s', '10']}
2023-08-22 21:03:27,296 - app_log - DEBUG - Changes Detected
2023-08-22 22:36:19,874 - app_log - DEBUG - Init
2023-08-22 22:36:31,059 - app_log - DEBUG - css_vars: {'header-bg-color': '#242424', 'table-text-color': '#000', 'table-bg-color': '#47ab37', 'table-border-color': 'black', 'animation-speed': '3s', 'table-font-size': '2.2vw', 'table-border-thickness': '0.3vh', 'table-text': '4.9vw', 'word-font-size': 'calc(5vw + 3vh + 1.5vmin)', 'shadow': '#000000', 'word-color': 'green', 'word_border_color': 'black'}
2023-08-22 22:36:31,059 - app_log - DEBUG - times: {'Montag': ['222', '22'], 'Dienstag': ['sda', 'dsa'], 'Mittwoch': ['dsdssadsa', 'ssss'], 'Donnerstag': ['7s', 'dsad'], 'Freitag': ['9s', '10']}
2023-08-22 22:36:36,855 - app_log - DEBUG - css_vars_from_file: {'header-bg-color': '#242424', 'table-text-color': '#000', 'table-bg-color': '#47ab37', 'table-border-color': 'black', 'animation-speed': '3s', 'table-font-size': '2.2vw', 'table-border-thickness': '0.3vh', 'table-text': '4.9vw', 'word-font-size': 'calc(5vw + 3vh + 1.5vmin)', 'shadow': '#000000', 'word-color': 'green', 'word_border_color': 'black'}
2023-08-22 22:36:36,855 - app_log - DEBUG - new_css_vars: {'header-bg-color': '#242424', 'table-text-color': '#000', 'table-bg-color': '#47ab37', 'table-border-color': 'black', 'animation-speed': '3s', 'table-font-size': '2.2vw', 'table-border-thickness': '0.3vh', 'table-text': '4.9vw', 'word-font-size': 'calc(5vw + 3vh + 1.5vmin)', 'shadow': '#000000', 'word-color': 'green', 'word_border_color': 'black'}
2023-08-22 22:36:36,855 - app_log - DEBUG - config['css_vars']: {'header-bg-color': '#242424', 'table-text-color': '#000', 'table-bg-color': '#47ab37', 'table-border-color': 'black', 'animation-speed': '3s', 'table-font-size': '2.2vw', 'table-border-thickness': '0.3vh', 'table-text': '4.9vw', 'word-font-size': 'calc(5vw + 3vh + 1.5vmin)', 'shadow': '#000000', 'word-color': 'green', 'word_border_color': 'black'}
2023-08-22 22:36:37,293 - app_log - DEBUG - Changes Detected
2023-08-22 22:37:03,602 - app_log - DEBUG - Init
2023-08-22 22:37:07,881 - app_log - DEBUG - css_vars_from_file: {'header-bg-color': '#242424', 'table-text-color': '#000', 'table-bg-color': '#47ab37', 'table-border-color': 'black', 'animation-speed': '3s', 'table-font-size': '2.2vw', 'table-border-thickness': '0.3vh', 'table-text': '4.9vw', 'word-font-size': 'calc(5vw + 3vh + 1.5vmin)', 'shadow': '#000000', 'word-color': 'green', 'word_border_color': 'black'}
2023-08-22 22:37:07,881 - app_log - DEBUG - new_css_vars: {'header-bg-color': '#242424', 'table-text-color': '#000', 'table-bg-color': '#47ab37', 'table-border-color': 'black', 'animation-speed': '3s', 'table-font-size': '2.2vw', 'table-border-thickness': '0.3vh', 'table-text': '4.9vw', 'word-font-size': 'calc(5vw + 3vh + 1.5vmin)', 'shadow': '#000000', 'word-color': 'green', 'word_border_color': 'black'}
2023-08-22 22:37:07,881 - app_log - DEBUG - config['css_vars']: {'header-bg-color': '#242424', 'table-text-color': '#000', 'table-bg-color': '#47ab37', 'table-border-color': 'black', 'animation-speed': '3s', 'table-font-size': '2.2vw', 'table-border-thickness': '0.3vh', 'table-text': '4.9vw', 'word-font-size': 'calc(5vw + 3vh + 1.5vmin)', 'shadow': '#000000', 'word-color': 'green', 'word_border_color': 'black'}
2023-08-22 22:37:07,909 - app_log - DEBUG - css_vars: {'header-bg-color': '#242424', 'table-text-color': '#000', 'table-bg-color': '#47ab37', 'table-border-color': 'black', 'animation-speed': '3s', 'table-font-size': '2.2vw', 'table-border-thickness': '0.3vh', 'table-text': '4.9vw', 'word-font-size': 'calc(5vw + 3vh + 1.5vmin)', 'shadow': '#000000', 'word-color': 'green', 'word_border_color': 'black'}
2023-08-22 22:37:07,909 - app_log - DEBUG - times: {'Montag': ['222', '22'], 'Dienstag': ['sda', 'dsa'], 'Mittwoch': ['dsdssadsa', 'ssss'], 'Donnerstag': ['7s', 'dsad'], 'Freitag': ['9s', '10']}
2023-08-22 22:37:08,296 - app_log - DEBUG - Changes Detected
2023-08-22 22:37:09,216 - app_log - DEBUG - css_vars: {'header-bg-color': '#242424', 'table-text-color': '#000', 'table-bg-color': '#47ab37', 'table-border-color': 'black', 'animation-speed': '3s', 'table-font-size': '2.2vw', 'table-border-thickness': '0.3vh', 'table-text': '4.9vw', 'word-font-size': 'calc(5vw + 3vh + 1.5vmin)', 'shadow': '#000000', 'word-color': 'green', 'word_border_color': 'black'}
2023-08-22 22:37:09,216 - app_log - DEBUG - times: {'Montag': ['222', '22'], 'Dienstag': ['sda', 'dsa'], 'Mittwoch': ['dsdssadsa', 'ssss'], 'Donnerstag': ['7s', 'dsad'], 'Freitag': ['9s', '10']}
2023-08-22 22:37:11,548 - app_log - DEBUG - css_vars_from_file: {'header-bg-color': '#242424', 'table-text-color': '#000', 'table-bg-color': '#47ab37', 'table-border-color': 'black', 'animation-speed': '3s', 'table-font-size': '2.2vw', 'table-border-thickness': '0.3vh', 'table-text': '4.9vw', 'word-font-size': 'calc(5vw + 3vh + 1.5vmin)', 'shadow': '#000000', 'word-color': 'green', 'word_border_color': 'black'}
2023-08-22 22:37:11,548 - app_log - DEBUG - new_css_vars: {'header-bg-color': '#242424', 'table-text-color': '#000', 'table-bg-color': '#47ab37', 'table-border-color': 'black', 'animation-speed': '3s', 'table-font-size': '2.2vw', 'table-border-thickness': '0.3vh', 'table-text': '4.9vw', 'word-font-size': 'calc(5vw + 3vh + 1.5vmin)', 'shadow': '#000000', 'word-color': 'green', 'word_border_color': 'black'}
2023-08-22 22:37:11,548 - app_log - DEBUG - config['css_vars']: {'header-bg-color': '#242424', 'table-text-color': '#000', 'table-bg-color': '#47ab37', 'table-border-color': 'black', 'animation-speed': '3s', 'table-font-size': '2.2vw', 'table-border-thickness': '0.3vh', 'table-text': '4.9vw', 'word-font-size': 'calc(5vw + 3vh + 1.5vmin)', 'shadow': '#000000', 'word-color': 'green', 'word_border_color': 'black'}
2023-08-22 22:37:11,564 - app_log - DEBUG - css_vars: {'header-bg-color': '#242424', 'table-text-color': '#000', 'table-bg-color': '#47ab37', 'table-border-color': 'black', 'animation-speed': '3s', 'table-font-size': '2.2vw', 'table-border-thickness': '0.3vh', 'table-text': '4.9vw', 'word-font-size': 'calc(5vw + 3vh + 1.5vmin)', 'shadow': '#000000', 'word-color': 'green', 'word_border_color': 'black'}
2023-08-22 22:37:11,564 - app_log - DEBUG - times: {'Montag': ['222', '22'], 'Dienstag': ['sda', 'dsa'], 'Mittwoch': ['dsdssadsa', 'ssss'], 'Donnerstag': ['7s', 'dsad'], 'Freitag': ['9s', '10']}
2023-08-22 22:37:12,299 - app_log - DEBUG - Changes Detected
2023-08-22 22:37:16,826 - app_log - DEBUG - css_vars_from_file: {'header-bg-color': '#242424', 'table-text-color': '#000', 'table-bg-color': '#47ab37', 'table-border-color': 'black', 'animation-speed': '3s', 'table-font-size': '2.2vw', 'table-border-thickness': '0.3vh', 'table-text': '4.9vw', 'word-font-size': 'calc(5vw + 3vh + 1.5vmin)', 'shadow': '#000000', 'word-color': 'green', 'word_border_color': 'black'}
2023-08-22 22:37:16,826 - app_log - DEBUG - new_css_vars: {'header-bg-color': '#242424', 'table-text-color': '#000', 'table-bg-color': '#47ab37', 'table-border-color': 'black', 'animation-speed': '3s', 'table-font-size': '2.2vw', 'table-border-thickness': '0.3vh', 'table-text': '4.9vw', 'word-font-size': 'calc(5vw + 3vh + 1.5vmin)', 'shadow': '#000000', 'word-color': 'green', 'word_border_color': 'black'}
2023-08-22 22:37:16,826 - app_log - DEBUG - config['css_vars']: {'header-bg-color': '#242424', 'table-text-color': '#000', 'table-bg-color': '#47ab37', 'table-border-color': 'black', 'animation-speed': '3s', 'table-font-size': '2.2vw', 'table-border-thickness': '0.3vh', 'table-text': '4.9vw', 'word-font-size': 'calc(5vw + 3vh + 1.5vmin)', 'shadow': '#000000', 'word-color': 'green', 'word_border_color': 'black'}
2023-08-22 22:37:16,850 - app_log - DEBUG - css_vars: {'header-bg-color': '#242424', 'table-text-color': '#000', 'table-bg-color': '#47ab37', 'table-border-color': 'black', 'animation-speed': '3s', 'table-font-size': '2.2vw', 'table-border-thickness': '0.3vh', 'table-text': '4.9vw', 'word-font-size': 'calc(5vw + 3vh + 1.5vmin)', 'shadow': '#000000', 'word-color': 'green', 'word_border_color': 'black'}
2023-08-22 22:37:16,850 - app_log - DEBUG - times: {'Montag': ['222', '22'], 'Dienstag': ['sda', 'dsa'], 'Mittwoch': ['dsdssadsa', 'ssss'], 'Donnerstag': ['7s', 'dsad'], 'Freitag': ['9s', '10']}
2023-08-22 22:37:17,296 - app_log - DEBUG - Changes Detected
2023-08-22 22:37:29,255 - app_log - DEBUG - css_vars_from_file: {'header-bg-color': '#242424', 'table-text-color': '#000', 'table-bg-color': '#47ab37', 'table-border-color': 'black', 'animation-speed': '3s', 'table-font-size': '2.2vw', 'table-border-thickness': '0.3vh', 'table-text': '4.9vw', 'word-font-size': 'calc(5vw + 3vh + 1.5vmin)', 'shadow': '#000000', 'word-color': 'green', 'word_border_color': 'black'}
2023-08-22 22:37:29,255 - app_log - DEBUG - new_css_vars: {'header-bg-color': '#242424', 'table-text-color': '#000', 'table-bg-color': '#47ab37', 'table-border-color': 'black', 'animation-speed': '3s', 'table-font-size': '2.2vw', 'table-border-thickness': '0.3vh', 'table-text': '4.9vw', 'word-font-size': 'calc(5vw + 3vh + 1.5vmin)', 'shadow': '#000000', 'word-color': 'red', 'word_border_color': 'black'}
2023-08-22 22:37:29,255 - app_log - DEBUG - config['css_vars']: {'header-bg-color': '#242424', 'table-text-color': '#000', 'table-bg-color': '#47ab37', 'table-border-color': 'black', 'animation-speed': '3s', 'table-font-size': '2.2vw', 'table-border-thickness': '0.3vh', 'table-text': '4.9vw', 'word-font-size': 'calc(5vw + 3vh + 1.5vmin)', 'shadow': '#000000', 'word-color': 'red', 'word_border_color': 'black'}
2023-08-22 22:37:29,287 - app_log - DEBUG - css_vars: {'header-bg-color': '#242424', 'table-text-color': '#000', 'table-bg-color': '#47ab37', 'table-border-color': 'black', 'animation-speed': '3s', 'table-font-size': '2.2vw', 'table-border-thickness': '0.3vh', 'table-text': '4.9vw', 'word-font-size': 'calc(5vw + 3vh + 1.5vmin)', 'shadow': '#000000', 'word-color': 'red', 'word_border_color': 'black'}
2023-08-22 22:37:29,287 - app_log - DEBUG - times: {'Montag': ['222', '22'], 'Dienstag': ['sda', 'dsa'], 'Mittwoch': ['dsdssadsa', 'ssss'], 'Donnerstag': ['7s', 'dsad'], 'Freitag': ['9s', '10']}
2023-08-22 22:37:29,295 - app_log - DEBUG - Changes Detected
2023-08-22 22:37:58,305 - app_log - DEBUG - Changes Detected
2023-08-22 22:38:13,934 - app_log - DEBUG - Changes Detected
2023-08-22 22:38:17,018 - app_log - DEBUG - Changes Detected
2023-08-22 22:38:25,125 - app_log - DEBUG - Changes Detected
2023-08-22 23:16:26,655 - app_log - DEBUG - Init
2023-08-22 23:16:41,179 - app_log - DEBUG - css_vars: {'header-bg-color': '#242424', 'table-text-color': '#000', 'table-bg-color': '#47ab37', 'table-border-color': 'black', 'animation-speed': '3s', 'table-font-size': '2.2vw', 'table-border-thickness': '0.3vh', 'table-text': '4.9vw', 'word-font-size': 'calc(5vw + 3vh + 1.5vmin)', 'shadow': '#000000', 'word-color': 'red', 'word_border_color': 'black'}
2023-08-22 23:16:41,179 - app_log - DEBUG - times: {'Montag': ['42', '22'], 'Dienstag': ['sda', 'dsa'], 'Mittwoch': ['dsdssadsa', 'ssss'], 'Donnerstag': ['7s', 'dsad'], 'Freitag': ['9s', '10']}
2023-08-22 23:16:47,152 - app_log - DEBUG - css_vars_from_file: {'header-bg-color': '#242424', 'table-text-color': '#000', 'table-bg-color': '#47ab37', 'table-border-color': 'black', 'animation-speed': '3s', 'table-font-size': '2.2vw', 'table-border-thickness': '0.3vh', 'table-text': '4.9vw', 'word-font-size': 'calc(5vw + 3vh + 1.5vmin)', 'shadow': '#000000', 'word-color': 'red', 'word_border_color': 'black'}
2023-08-22 23:16:47,152 - app_log - DEBUG - new_css_vars: {'header-bg-color': '#242424', 'table-text-color': '#000', 'table-bg-color': '#47ab37', 'table-border-color': 'black', 'animation-speed': '3s', 'table-font-size': '2.2vw', 'table-border-thickness': '0.3vh', 'table-text': '4.9vw', 'word-font-size': 'calc(5vw + 3vh + 1.5vmin)', 'shadow': '#000000', 'word-color': 'red', 'word_border_color': 'black'}
2023-08-22 23:16:47,152 - app_log - DEBUG - config['css_vars']: {'header-bg-color': '#242424', 'table-text-color': '#000', 'table-bg-color': '#47ab37', 'table-border-color': 'black', 'animation-speed': '3s', 'table-font-size': '2.2vw', 'table-border-thickness': '0.3vh', 'table-text': '4.9vw', 'word-font-size': 'calc(5vw + 3vh + 1.5vmin)', 'shadow': '#000000', 'word-color': 'red', 'word_border_color': 'black'}
2023-08-22 23:16:47,168 - app_log - DEBUG - css_vars: {'header-bg-color': '#242424', 'table-text-color': '#000', 'table-bg-color': '#47ab37', 'table-border-color': 'black', 'animation-speed': '3s', 'table-font-size': '2.2vw', 'table-border-thickness': '0.3vh', 'table-text': '4.9vw', 'word-font-size': 'calc(5vw + 3vh + 1.5vmin)', 'shadow': '#000000', 'word-color': 'red', 'word_border_color': 'black'}
2023-08-22 23:16:47,168 - app_log - DEBUG - times: {'Montag': ['42', '22'], 'Dienstag': ['sda', 'dsa'], 'Mittwoch': ['dsdssadsa', 'ssss'], 'Donnerstag': ['7s', 'dsad'], 'Freitag': ['9s', '10']}
2023-08-22 23:16:47,289 - app_log - DEBUG - Changes Detected
2023-08-22 23:16:57,692 - app_log - DEBUG - css_vars_from_file: {'header-bg-color': '#242424', 'table-text-color': '#000', 'table-bg-color': '#47ab37', 'table-border-color': 'black', 'animation-speed': '3s', 'table-font-size': '2.2vw', 'table-border-thickness': '0.3vh', 'table-text': '4.9vw', 'word-font-size': 'calc(5vw + 3vh + 1.5vmin)', 'shadow': '#000000', 'word-color': 'red', 'word_border_color': 'black'}
2023-08-22 23:16:57,692 - app_log - DEBUG - new_css_vars: {'header-bg-color': '#242424', 'table-text-color': '#000', 'table-bg-color': '#47ab37', 'table-border-color': 'black', 'animation-speed': '3s', 'table-font-size': '2.2vw', 'table-border-thickness': '0.3vh', 'table-text': '4.9vw', 'word-font-size': 'calc(5vw + 3vh + 1.5vmin)', 'shadow': '#000000', 'word-color': 'green', 'word_border_color': 'black'}
2023-08-22 23:16:57,692 - app_log - DEBUG - config['css_vars']: {'header-bg-color': '#242424', 'table-text-color': '#000', 'table-bg-color': '#47ab37', 'table-border-color': 'black', 'animation-speed': '3s', 'table-font-size': '2.2vw', 'table-border-thickness': '0.3vh', 'table-text': '4.9vw', 'word-font-size': 'calc(5vw + 3vh + 1.5vmin)', 'shadow': '#000000', 'word-color': 'green', 'word_border_color': 'black'}
2023-08-22 23:16:57,708 - app_log - DEBUG - css_vars: {'header-bg-color': '#242424', 'table-text-color': '#000', 'table-bg-color': '#47ab37', 'table-border-color': 'black', 'animation-speed': '3s', 'table-font-size': '2.2vw', 'table-border-thickness': '0.3vh', 'table-text': '4.9vw', 'word-font-size': 'calc(5vw + 3vh + 1.5vmin)', 'shadow': '#000000', 'word-color': 'green', 'word_border_color': 'black'}
2023-08-22 23:16:57,708 - app_log - DEBUG - times: {'Montag': ['42', '22'], 'Dienstag': ['sda', 'dsa'], 'Mittwoch': ['dsdssadsa', 'ssss'], 'Donnerstag': ['7s', 'dsad'], 'Freitag': ['9s', '10']}
2023-08-22 23:16:58,295 - app_log - DEBUG - Changes Detected
2023-08-22 23:17:04,463 - app_log - DEBUG - css_vars_from_file: {'header-bg-color': '#242424', 'table-text-color': '#000', 'table-bg-color': '#47ab37', 'table-border-color': 'black', 'animation-speed': '3s', 'table-font-size': '2.2vw', 'table-border-thickness': '0.3vh', 'table-text': '4.9vw', 'word-font-size': 'calc(5vw + 3vh + 1.5vmin)', 'shadow': '#000000', 'word-color': 'green', 'word_border_color': 'black'}
2023-08-22 23:17:04,463 - app_log - DEBUG - new_css_vars: {'header-bg-color': '#242424', 'table-text-color': '#000', 'table-bg-color': '#47ab37', 'table-border-color': 'black', 'animation-speed': '3s', 'table-font-size': '2.2vw', 'table-border-thickness': '0.3vh', 'table-text': '4.9vw', 'word-font-size': 'calc(5vw + 3vh + 1.5vmin)', 'shadow': '#000000', 'word-color': 'red', 'word_border_color': 'black'}
2023-08-22 23:17:04,463 - app_log - DEBUG - config['css_vars']: {'header-bg-color': '#242424', 'table-text-color': '#000', 'table-bg-color': '#47ab37', 'table-border-color': 'black', 'animation-speed': '3s', 'table-font-size': '2.2vw', 'table-border-thickness': '0.3vh', 'table-text': '4.9vw', 'word-font-size': 'calc(5vw + 3vh + 1.5vmin)', 'shadow': '#000000', 'word-color': 'red', 'word_border_color': 'black'}
2023-08-22 23:17:04,484 - app_log - DEBUG - css_vars: {'header-bg-color': '#242424', 'table-text-color': '#000', 'table-bg-color': '#47ab37', 'table-border-color': 'black', 'animation-speed': '3s', 'table-font-size': '2.2vw', 'table-border-thickness': '0.3vh', 'table-text': '4.9vw', 'word-font-size': 'calc(5vw + 3vh + 1.5vmin)', 'shadow': '#000000', 'word-color': 'red', 'word_border_color': 'black'}
2023-08-22 23:17:04,487 - app_log - DEBUG - times: {'Montag': ['42', '22'], 'Dienstag': ['sda', 'dsa'], 'Mittwoch': ['dsdssadsa', 'ssss'], 'Donnerstag': ['7s', 'dsad'], 'Freitag': ['9s', '10']}
2023-08-22 23:17:05,288 - app_log - DEBUG - Changes Detected
2023-08-22 23:17:33,965 - app_log - DEBUG - css_vars: {'header-bg-color': '#242424', 'table-text-color': '#000', 'table-bg-color': '#47ab37', 'table-border-color': 'black', 'animation-speed': '3s', 'table-font-size': '2.2vw', 'table-border-thickness': '0.3vh', 'table-text': '4.9vw', 'word-font-size': 'calc(5vw + 3vh + 1.5vmin)', 'shadow': '#000000', 'word-color': 'red', 'word_border_color': 'black'}
2023-08-22 23:17:33,965 - app_log - DEBUG - times: {'Montag': ['42', '22'], 'Dienstag': ['sda', 'dsa'], 'Mittwoch': ['dsdssadsa', 'ssss'], 'Donnerstag': ['7s', 'dsad'], 'Freitag': ['9s', '10']}
2023-08-22 23:18:27,303 - app_log - DEBUG - Init
2023-08-22 23:18:31,614 - app_log - DEBUG - css_vars: {'header-bg-color': '#242424', 'table-text-color': '#000', 'table-bg-color': '#47ab37', 'table-border-color': 'black', 'animation-speed': '3s', 'table-font-size': '2.2vw', 'table-border-thickness': '0.3vh', 'table-text': '4.9vw', 'word-font-size': 'calc(5vw + 3vh + 1.5vmin)', 'shadow': '#000000', 'word-color': 'red', 'word_border_color': 'black'}
2023-08-22 23:18:31,614 - app_log - DEBUG - times: {'Montag': ['43', '22'], 'Dienstag': ['sda', 'dsa'], 'Mittwoch': ['dsdssadsa', 'ssss'], 'Donnerstag': ['7s', 'dsad'], 'Freitag': ['9s', '10']}
2023-08-22 23:19:27,305 - app_log - DEBUG - Init
2023-08-22 23:19:35,892 - app_log - DEBUG - css_vars: {'header-bg-color': '#242424', 'table-text-color': '#000', 'table-bg-color': '#47ab37', 'table-border-color': 'black', 'animation-speed': '3s', 'table-font-size': '2.2vw', 'table-border-thickness': '0.3vh', 'table-text': '4.9vw', 'word-font-size': 'calc(5vw + 3vh + 1.5vmin)', 'shadow': '#000000', 'word-color': 'red', 'word_border_color': 'black'}
2023-08-22 23:19:35,892 - app_log - DEBUG - times: {'Montag': ['43', '22'], 'Dienstag': ['sda', 'dsa'], 'Mittwoch': ['dsdssadsa', 'ssss'], 'Donnerstag': ['7s', 'dsad'], 'Freitag': ['9s', '10']}
2023-08-22 23:20:17,213 - app_log - DEBUG - css_vars: {'header-bg-color': '#242424', 'table-text-color': '#000', 'table-bg-color': '#47ab37', 'table-border-color': 'black', 'animation-speed': '3s', 'table-font-size': '2.2vw', 'table-border-thickness': '0.3vh', 'table-text': '4.9vw', 'word-font-size': 'calc(5vw + 3vh + 1.5vmin)', 'shadow': '#000000', 'word-color': 'red', 'word_border_color': 'black'}
2023-08-22 23:20:17,213 - app_log - DEBUG - times: {'Montag': ['43', '22'], 'Dienstag': ['sda', 'dsa'], 'Mittwoch': ['dsdssadsa', 'ssss'], 'Donnerstag': ['7s', 'dsad'], 'Freitag': ['9s', '10']}
2023-08-22 23:20:20,085 - app_log - DEBUG - css_vars: {'header-bg-color': '#242424', 'table-text-color': '#000', 'table-bg-color': '#47ab37', 'table-border-color': 'black', 'animation-speed': '3s', 'table-font-size': '2.2vw', 'table-border-thickness': '0.3vh', 'table-text': '4.9vw', 'word-font-size': 'calc(5vw + 3vh + 1.5vmin)', 'shadow': '#000000', 'word-color': 'red', 'word_border_color': 'black'}
2023-08-22 23:20:20,085 - app_log - DEBUG - times: {'Montag': ['43', '22'], 'Dienstag': ['sda', 'dsa'], 'Mittwoch': ['dsdssadsa', 'ssss'], 'Donnerstag': ['7s', 'dsad'], 'Freitag': ['9s', '10']}
2023-08-22 23:20:27,284 - app_log - DEBUG - Init
2023-08-22 23:20:40,909 - app_log - DEBUG - css_vars: {'header-bg-color': '#242424', 'table-text-color': '#000', 'table-bg-color': '#47ab37', 'table-border-color': 'black', 'animation-speed': '3s', 'table-font-size': '2.2vw', 'table-border-thickness': '0.3vh', 'table-text': '4.9vw', 'word-font-size': 'calc(5vw + 3vh + 1.5vmin)', 'shadow': '#000000', 'word-color': 'red', 'word_border_color': 'black'}
2023-08-22 23:20:40,909 - app_log - DEBUG - times: {'Montag': ['43', '22'], 'Dienstag': ['sda', 'dsa'], 'Mittwoch': ['dsdssadsa', 'ssss'], 'Donnerstag': ['7s', 'dsad'], 'Freitag': ['9s', '10']}
2023-08-22 23:20:43,078 - app_log - DEBUG - css_vars: {'header-bg-color': '#242424', 'table-text-color': '#000', 'table-bg-color': '#47ab37', 'table-border-color': 'black', 'animation-speed': '3s', 'table-font-size': '2.2vw', 'table-border-thickness': '0.3vh', 'table-text': '4.9vw', 'word-font-size': 'calc(5vw + 3vh + 1.5vmin)', 'shadow': '#000000', 'word-color': 'red', 'word_border_color': 'black'}
2023-08-22 23:20:43,078 - app_log - DEBUG - times: {'Montag': ['43', '22'], 'Dienstag': ['sda', 'dsa'], 'Mittwoch': ['dsdssadsa', 'ssss'], 'Donnerstag': ['7s', 'dsad'], 'Freitag': ['9s', '10']}
2023-08-22 23:21:27,305 - app_log - DEBUG - Init
2023-08-22 23:21:35,478 - app_log - DEBUG - css_vars_from_file: {'header-bg-color': '#242424', 'table-text-color': '#000', 'table-bg-color': '#47ab37', 'table-border-color': 'black', 'animation-speed': '3s', 'table-font-size': '2.2vw', 'table-border-thickness': '0.3vh', 'table-text': '4.9vw', 'word-font-size': 'calc(5vw + 3vh + 1.5vmin)', 'shadow': '#000000', 'word-color': 'red', 'word_border_color': 'black'}
2023-08-22 23:21:35,478 - app_log - DEBUG - new_css_vars: {'header-bg-color': '#242424', 'table-text-color': '#000', 'table-bg-color': '#47ab37', 'table-border-color': 'black', 'animation-speed': '3s', 'table-font-size': '2.2vw', 'table-border-thickness': '0.3vh', 'table-text': '4.9vw', 'word-font-size': 'calc(5vw + 3vh + 1.5vmin)', 'shadow': '#000000', 'word-color': 'red', 'word_border_color': 'black'}
2023-08-22 23:21:35,478 - app_log - DEBUG - config['css_vars']: {'header-bg-color': '#242424', 'table-text-color': '#000', 'table-bg-color': '#47ab37', 'table-border-color': 'black', 'animation-speed': '3s', 'table-font-size': '2.2vw', 'table-border-thickness': '0.3vh', 'table-text': '4.9vw', 'word-font-size': 'calc(5vw + 3vh + 1.5vmin)', 'shadow': '#000000', 'word-color': 'red', 'word_border_color': 'black'}
2023-08-22 23:21:35,510 - app_log - DEBUG - css_vars: {'header-bg-color': '#242424', 'table-text-color': '#000', 'table-bg-color': '#47ab37', 'table-border-color': 'black', 'animation-speed': '3s', 'table-font-size': '2.2vw', 'table-border-thickness': '0.3vh', 'table-text': '4.9vw', 'word-font-size': 'calc(5vw + 3vh + 1.5vmin)', 'shadow': '#000000', 'word-color': 'red', 'word_border_color': 'black'}
2023-08-22 23:21:35,510 - app_log - DEBUG - times: {'Montag': ['43', '22'], 'Dienstag': ['sda', 'dsa'], 'Mittwoch': ['dsdssadsa', 'ssss'], 'Donnerstag': ['7s', 'dsad'], 'Freitag': ['9s', '10']}
2023-08-22 23:21:37,739 - app_log - DEBUG - css_vars_from_file: {'header-bg-color': '#242424', 'table-text-color': '#000', 'table-bg-color': '#47ab37', 'table-border-color': 'black', 'animation-speed': '3s', 'table-font-size': '2.2vw', 'table-border-thickness': '0.3vh', 'table-text': '4.9vw', 'word-font-size': 'calc(5vw + 3vh + 1.5vmin)', 'shadow': '#000000', 'word-color': 'red', 'word_border_color': 'black'}
2023-08-22 23:21:37,739 - app_log - DEBUG - new_css_vars: {'header-bg-color': '#242424', 'table-text-color': '#000', 'table-bg-color': '#47ab37', 'table-border-color': 'black', 'animation-speed': '3s', 'table-font-size': '2.2vw', 'table-border-thickness': '0.3vh', 'table-text': '4.9vw', 'word-font-size': 'calc(5vw + 3vh + 1.5vmin)', 'shadow': '#000000', 'word-color': 'red', 'word_border_color': 'black'}
2023-08-22 23:21:37,739 - app_log - DEBUG - config['css_vars']: {'header-bg-color': '#242424', 'table-text-color': '#000', 'table-bg-color': '#47ab37', 'table-border-color': 'black', 'animation-speed': '3s', 'table-font-size': '2.2vw', 'table-border-thickness': '0.3vh', 'table-text': '4.9vw', 'word-font-size': 'calc(5vw + 3vh + 1.5vmin)', 'shadow': '#000000', 'word-color': 'red', 'word_border_color': 'black'}
2023-08-22 23:21:37,755 - app_log - DEBUG - css_vars: {'header-bg-color': '#242424', 'table-text-color': '#000', 'table-bg-color': '#47ab37', 'table-border-color': 'black', 'animation-speed': '3s', 'table-font-size': '2.2vw', 'table-border-thickness': '0.3vh', 'table-text': '4.9vw', 'word-font-size': 'calc(5vw + 3vh + 1.5vmin)', 'shadow': '#000000', 'word-color': 'red', 'word_border_color': 'black'}
2023-08-22 23:21:37,755 - app_log - DEBUG - times: {'Montag': ['43', '22'], 'Dienstag': ['sda', 'dsa'], 'Mittwoch': ['dsdssadsa', 'ssss'], 'Donnerstag': ['7s', 'dsad'], 'Freitag': ['9s', '10']}
2023-08-22 23:22:27,292 - app_log - DEBUG - Init
2023-08-22 23:23:27,287 - app_log - DEBUG - Init
2023-08-22 23:27:25,308 - app_log - DEBUG - css_vars: {'header-bg-color': '#242424', 'table-text-color': '#000', 'table-bg-color': '#47ab37', 'table-border-color': 'black', 'animation-speed': '3s', 'table-font-size': '2.2vw', 'table-border-thickness': '0.3vh', 'table-text': '4.9vw', 'word-font-size': 'calc(5vw + 3vh + 1.5vmin)', 'shadow': '#000000', 'word-color': 'red', 'word_border_color': 'black'}
2023-08-22 23:27:25,308 - app_log - DEBUG - times: {'Montag': ['43', '22'], 'Dienstag': ['sda', 'dsa'], 'Mittwoch': ['dsdssadsa', 'ssss'], 'Donnerstag': ['7s', 'dsad'], 'Freitag': ['9s', '10']}
2023-08-22 23:27:26,195 - app_log - DEBUG - css_vars: {'header-bg-color': '#242424', 'table-text-color': '#000', 'table-bg-color': '#47ab37', 'table-border-color': 'black', 'animation-speed': '3s', 'table-font-size': '2.2vw', 'table-border-thickness': '0.3vh', 'table-text': '4.9vw', 'word-font-size': 'calc(5vw + 3vh + 1.5vmin)', 'shadow': '#000000', 'word-color': 'red', 'word_border_color': 'black'}
2023-08-22 23:27:26,195 - app_log - DEBUG - times: {'Montag': ['43', '22'], 'Dienstag': ['sda', 'dsa'], 'Mittwoch': ['dsdssadsa', 'ssss'], 'Donnerstag': ['7s', 'dsad'], 'Freitag': ['9s', '10']}
2023-08-22 23:27:27,313 - app_log - DEBUG - Init
2023-08-23 13:08:40,137 - app_log - DEBUG - Init
2023-08-23 13:08:50,148 - app_log - DEBUG - css_vars: {'header-bg-color': '#242424', 'table-text-color': '#000', 'table-bg-color': '#47ab37', 'table-border-color': 'black', 'animation-speed': '3s', 'table-font-size': '2.2vw', 'table-border-thickness': '0.3vh', 'table-text': '4.9vw', 'word-font-size': 'calc(5vw + 3vh + 1.5vmin)', 'shadow': '#000000', 'word-color': 'red', 'word_border_color': 'black'}
2023-08-23 13:08:50,148 - app_log - DEBUG - times: {'Montag': ['43', '22'], 'Dienstag': ['sda', 'dsa'], 'Mittwoch': ['dsdssadsa', 'ssss'], 'Donnerstag': ['7s', 'dsad'], 'Freitag': ['9s', '10']}
2023-08-23 13:08:56,508 - app_log - DEBUG - css_vars: {'header-bg-color': '#242424', 'table-text-color': '#000', 'table-bg-color': '#47ab37', 'table-border-color': 'black', 'animation-speed': '3s', 'table-font-size': '2.2vw', 'table-border-thickness': '0.3vh', 'table-text': '4.9vw', 'word-font-size': 'calc(5vw + 3vh + 1.5vmin)', 'shadow': '#000000', 'word-color': 'red', 'word_border_color': 'black'}
2023-08-23 13:08:56,508 - app_log - DEBUG - times: {'Montag': ['43', '22'], 'Dienstag': ['sda', 'dsa'], 'Mittwoch': ['dsdssadsa', 'ssss'], 'Donnerstag': ['7s', 'dsad'], 'Freitag': ['9s', '10']}
2023-08-23 13:08:57,260 - app_log - DEBUG - Changes Detected
2023-08-23 15:49:47,511 - app_log - DEBUG - css_vars: {'header-bg-color': '#242424', 'table-text-color': '#000', 'table-bg-color': '#47ab37', 'table-border-color': 'black', 'animation-speed': '3s', 'table-font-size': '2.2vw', 'table-border-thickness': '0.3vh', 'table-text': '4.9vw', 'word-font-size': 'calc(5vw + 3vh + 1.5vmin)', 'shadow': '#000000', 'word-color': 'red', 'word_border_color': 'black'}
2023-08-23 15:49:47,511 - app_log - DEBUG - times: {'Montag': ['43', '22'], 'Dienstag': ['sda', 'dsa'], 'Mittwoch': ['dsdssadsa', 'ssss'], 'Donnerstag': ['7s', 'dsad'], 'Freitag': ['9s', '10']}
2023-08-23 15:49:48,225 - app_log - DEBUG - css_vars: {'header-bg-color': '#242424', 'table-text-color': '#000', 'table-bg-color': '#47ab37', 'table-border-color': 'black', 'animation-speed': '3s', 'table-font-size': '2.2vw', 'table-border-thickness': '0.3vh', 'table-text': '4.9vw', 'word-font-size': 'calc(5vw + 3vh + 1.5vmin)', 'shadow': '#000000', 'word-color': 'red', 'word_border_color': 'black'}
2023-08-23 15:49:48,225 - app_log - DEBUG - times: {'Montag': ['43', '22'], 'Dienstag': ['sda', 'dsa'], 'Mittwoch': ['dsdssadsa', 'ssss'], 'Donnerstag': ['7s', 'dsad'], 'Freitag': ['9s', '10']}
2023-08-23 15:50:00,321 - app_log - DEBUG - css_vars: {'header-bg-color': '#242424', 'table-text-color': '#000', 'table-bg-color': '#47ab37', 'table-border-color': 'black', 'animation-speed': '3s', 'table-font-size': '2.2vw', 'table-border-thickness': '0.3vh', 'table-text': '4.9vw', 'word-font-size': 'calc(5vw + 3vh + 1.5vmin)', 'shadow': '#000000', 'word-color': 'red', 'word_border_color': 'black'}
2023-08-23 15:50:00,321 - app_log - DEBUG - times: {'Montag': ['43', '22'], 'Dienstag': ['sda', 'dsa'], 'Mittwoch': ['dsdssadsa', 'ssss'], 'Donnerstag': ['7s', 'dsad'], 'Freitag': ['9s', '10']}
2023-08-23 15:50:05,365 - app_log - DEBUG - Changes Detected
2023-08-23 15:50:06,280 - app_log - DEBUG - css_vars: {'header-bg-color': '#242424', 'table-text-color': '#000', 'table-bg-color': '#47ab37', 'table-border-color': 'black', 'animation-speed': '3s', 'table-font-size': '2.2vw', 'table-border-thickness': '0.3vh', 'table-text': '4.9vw', 'word-font-size': 'calc(5vw + 3vh + 1.5vmin)', 'shadow': '#000000', 'word-color': 'red', 'word_border_color': 'black'}
2023-08-23 15:50:06,280 - app_log - DEBUG - times: {'Montag': ['43', '22'], 'Dienstag': ['sda', 'dsa'], 'Mittwoch': ['dsdssadsa', 'ssss'], 'Donnerstag': ['7s', 'dsad'], 'Freitag': ['9s', '10']}
2023-08-23 15:50:31,244 - app_log - DEBUG - Init
2023-08-23 15:50:36,483 - app_log - DEBUG - css_vars: {'header-bg-color': '#242424', 'table-text-color': '#000', 'table-bg-color': '#47ab37', 'table-border-color': 'black', 'animation-speed': '3s', 'table-font-size': '2.2vw', 'table-border-thickness': '0.3vh', 'table-text': '4.9vw', 'word-font-size': 'calc(5vw + 3vh + 1.5vmin)', 'shadow': '#000000', 'word-color': 'red', 'word_border_color': 'black'}
2023-08-23 15:50:36,483 - app_log - DEBUG - times: {'Montag': ['43', '22'], 'Dienstag': ['sda', 'dsa'], 'Mittwoch': ['dsdssadsa', 'ssss'], 'Donnerstag': ['7s', 'dsad'], 'Freitag': ['9s', '10']}
2023-08-23 15:51:00,424 - app_log - DEBUG - css_vars: {'header-bg-color': '#242424', 'table-text-color': '#000', 'table-bg-color': '#47ab37', 'table-border-color': 'black', 'animation-speed': '3s', 'table-font-size': '2.2vw', 'table-border-thickness': '0.3vh', 'table-text': '4.9vw', 'word-font-size': 'calc(5vw + 3vh + 1.5vmin)', 'shadow': '#000000', 'word-color': 'red', 'word_border_color': 'black'}
2023-08-23 15:51:00,424 - app_log - DEBUG - times: {'Montag': ['43', '22'], 'Dienstag': ['sda', 'dsa'], 'Mittwoch': ['dsdssadsa', 'ssss'], 'Donnerstag': ['7s', 'dsad'], 'Freitag': ['9s', '10']}
2023-08-23 15:51:23,745 - app_log - DEBUG - css_vars: {'header-bg-color': '#242424', 'table-text-color': '#000', 'table-bg-color': '#47ab37', 'table-border-color': 'black', 'animation-speed': '3s', 'table-font-size': '2.2vw', 'table-border-thickness': '0.3vh', 'table-text': '4.9vw', 'word-font-size': 'calc(5vw + 3vh + 1.5vmin)', 'shadow': '#000000', 'word-color': 'red', 'word_border_color': 'black'}
2023-08-23 15:51:23,745 - app_log - DEBUG - times: {'Montag': ['43', '22'], 'Dienstag': ['sda', 'dsa'], 'Mittwoch': ['dsdssadsa', 'ssss'], 'Donnerstag': ['7s', 'dsad'], 'Freitag': ['9s', '10']}
2023-08-23 15:51:40,091 - app_log - DEBUG - css_vars: {'header-bg-color': '#242424', 'table-text-color': '#000', 'table-bg-color': '#47ab37', 'table-border-color': 'black', 'animation-speed': '3s', 'table-font-size': '2.2vw', 'table-border-thickness': '0.3vh', 'table-text': '4.9vw', 'word-font-size': 'calc(5vw + 3vh + 1.5vmin)', 'shadow': '#000000', 'word-color': 'red', 'word_border_color': 'black'}
2023-08-23 15:51:40,091 - app_log - DEBUG - times: {'Montag': ['43', '22'], 'Dienstag': ['sda', 'dsa'], 'Mittwoch': ['dsdssadsa', 'ssss'], 'Donnerstag': ['7s', 'dsad'], 'Freitag': ['9s', '10']}
2023-08-23 15:51:50,750 - app_log - DEBUG - css_vars: {'header-bg-color': '#242424', 'table-text-color': '#000', 'table-bg-color': '#47ab37', 'table-border-color': 'black', 'animation-speed': '3s', 'table-font-size': '2.2vw', 'table-border-thickness': '0.3vh', 'table-text': '4.9vw', 'word-font-size': 'calc(5vw + 3vh + 1.5vmin)', 'shadow': '#000000', 'word-color': 'green', 'word_border_color': 'black'}
2023-08-23 15:51:50,750 - app_log - DEBUG - times: {'Montag': ['43', '22'], 'Dienstag': ['sda', 'dsa'], 'Mittwoch': ['dsdssadsa', 'ssss'], 'Donnerstag': ['7s', 'dsad'], 'Freitag': ['9s', '10']}
2023-08-23 15:51:54,121 - app_log - DEBUG - Init
2023-08-23 15:52:09,972 - app_log - DEBUG - Changes Detected
2023-08-23 15:52:09,996 - app_log - DEBUG - css_vars: {'header-bg-color': '#242424', 'table-text-color': '#000', 'table-bg-color': '#47ab37', 'table-border-color': 'black', 'animation-speed': '3s', 'table-font-size': '2.2vw', 'table-border-thickness': '0.3vh', 'table-text': '4.9vw', 'word-font-size': 'calc(5vw + 3vh + 1.5vmin)', 'shadow': '#000000', 'word-color': 'green', 'word_border_color': 'black'}
2023-08-23 15:52:09,996 - app_log - DEBUG - times: {'Montag': ['43', '22'], 'Dienstag': ['sda', 'dsa'], 'Mittwoch': ['dsdssadsa', 'ssss'], 'Donnerstag': ['7s', 'dsad'], 'Freitag': ['9s', '10']}
2023-08-23 15:52:21,855 - app_log - DEBUG - css_vars: {'header-bg-color': '#242424', 'table-text-color': '#000', 'table-bg-color': '#47ab37', 'table-border-color': 'black', 'animation-speed': '3s', 'table-font-size': '2.2vw', 'table-border-thickness': '0.3vh', 'table-text': '4.9vw', 'word-font-size': 'calc(5vw + 3vh + 1.5vmin)', 'shadow': '#000000', 'word-color': 'red', 'word_border_color': 'black'}
2023-08-23 15:52:21,855 - app_log - DEBUG - times: {'Montag': ['43', '22'], 'Dienstag': ['sda', 'dsa'], 'Mittwoch': ['dsdssadsa', 'ssss'], 'Donnerstag': ['7s', 'dsad'], 'Freitag': ['9s', '10']}
2023-08-23 15:52:22,252 - app_log - DEBUG - Changes Detected
2023-08-23 15:54:00,620 - app_log - DEBUG - Init
2023-08-23 17:18:15,758 - app_log - DEBUG - css_vars: {'header-bg-color': '#242424', 'table-text-color': '#000', 'table-bg-color': '#47ab37', 'table-border-color': 'black', 'animation-speed': '3s', 'table-font-size': '2.2vw', 'table-border-thickness': '0.3vh', 'table-text': '4.9vw', 'word-font-size': 'calc(5vw + 3vh + 1.5vmin)', 'shadow': '#000000', 'word-color': 'red', 'word_border_color': 'black'}
2023-08-23 17:18:15,758 - app_log - DEBUG - times: {'Montag': ['43', '22'], 'Dienstag': ['sda', 'dsa'], 'Mittwoch': ['dsdssadsa', 'ssss'], 'Donnerstag': ['7s', 'dsad'], 'Freitag': ['9s', '10']}
2023-08-23 17:18:16,704 - app_log - DEBUG - Init
2023-08-23 17:28:39,758 - app_log - DEBUG - css_vars: {'header-bg-color': '#242424', 'table-text-color': '#000', 'table-bg-color': '#47ab37', 'table-border-color': 'black', 'animation-speed': '3s', 'table-font-size': '2.2vw', 'table-border-thickness': '0.3vh', 'table-text': '4.9vw', 'word-font-size': 'calc(5vw + 3vh + 1.5vmin)', 'shadow': '#000000', 'word-color': 'red', 'word_border_color': 'black'}
2023-08-23 17:28:39,758 - app_log - DEBUG - times: {'Montag': ['43', '22'], 'Dienstag': ['sda', 'dsa'], 'Mittwoch': ['dsdssadsa', 'ssss'], 'Donnerstag': ['7s', 'dsad'], 'Freitag': ['9s', '10']}
2023-08-23 17:28:40,158 - app_log - DEBUG - Init
2023-08-23 17:31:01,664 - app_log - DEBUG - Changes Detected
2023-08-23 17:31:10,179 - app_log - DEBUG - css_vars: {'header-bg-color': '#242424', 'table-text-color': '#000', 'table-bg-color': '#47ab37', 'table-border-color': 'black', 'animation-speed': '3s', 'table-font-size': '2.2vw', 'table-border-thickness': '0.3vh', 'table-text': '4.9vw', 'word-font-size': 'calc(5vw + 3vh + 1.5vmin)', 'shadow': '#000000', 'word-color': 'red', 'word_border_color': 'black'}
2023-08-23 17:31:10,179 - app_log - DEBUG - times: {'Montag': ['43', '22'], 'Dienstag': ['sda', 'dsa'], 'Mittwoch': ['dsdssadsa', 'ssss'], 'Donnerstag': ['7s', 'dsad'], 'Freitag': ['9s', '10']}
2023-08-23 17:32:06,348 - app_log - DEBUG - Init
2023-08-23 17:32:52,574 - app_log - DEBUG - css_vars: {'header-bg-color': '#242424', 'table-text-color': '#000', 'table-bg-color': '#47ab37', 'table-border-color': 'black', 'animation-speed': '3s', 'table-font-size': '2.2vw', 'table-border-thickness': '0.3vh', 'table-text': '4.9vw', 'word-font-size': 'calc(5vw + 3vh + 1.5vmin)', 'shadow': '#000000', 'word-color': 'green', 'word_border_color': 'black'}
2023-08-23 17:32:52,574 - app_log - DEBUG - times: {'Montag': ['43', '22'], 'Dienstag': ['sda', 'dsa'], 'Mittwoch': ['dsdssadsa', 'ssss'], 'Donnerstag': ['7s', 'dsad'], 'Freitag': ['9s', '10']}
2023-08-23 17:32:53,247 - app_log - DEBUG - Changes Detected
2023-08-23 17:32:57,288 - app_log - DEBUG - css_vars: {'header-bg-color': '#242424', 'table-text-color': '#000', 'table-bg-color': '#47ab37', 'table-border-color': 'black', 'animation-speed': '3s', 'table-font-size': '2.2vw', 'table-border-thickness': '0.3vh', 'table-text': '4.9vw', 'word-font-size': 'calc(5vw + 3vh + 1.5vmin)', 'shadow': '#000000', 'word-color': 'red', 'word_border_color': 'black'}
2023-08-23 17:32:57,288 - app_log - DEBUG - times: {'Montag': ['43', '22'], 'Dienstag': ['sda', 'dsa'], 'Mittwoch': ['dsdssadsa', 'ssss'], 'Donnerstag': ['7s', 'dsad'], 'Freitag': ['9s', '10']}
2023-08-23 17:32:58,253 - app_log - DEBUG - Changes Detected
2023-08-23 17:32:59,269 - app_log - DEBUG - css_vars: {'header-bg-color': '#242424', 'table-text-color': '#000', 'table-bg-color': '#47ab37', 'table-border-color': 'black', 'animation-speed': '3s', 'table-font-size': '2.2vw', 'table-border-thickness': '0.3vh', 'table-text': '4.9vw', 'word-font-size': 'calc(5vw + 3vh + 1.5vmin)', 'shadow': '#000000', 'word-color': 'red', 'word_border_color': 'black'}
2023-08-23 17:32:59,269 - app_log - DEBUG - times: {'Montag': ['43', '22'], 'Dienstag': ['sda', 'dsa'], 'Mittwoch': ['dsdssadsa', 'ssss'], 'Donnerstag': ['7s', 'dsad'], 'Freitag': ['9s', '10']}
2023-08-23 17:33:08,876 - app_log - DEBUG - css_vars: {'header-bg-color': '#242424', 'table-text-color': '#000', 'table-bg-color': '#47ab37', 'table-border-color': 'black', 'animation-speed': '3s', 'table-font-size': '2.2vw', 'table-border-thickness': '0.3vh', 'table-text': '4.9vw', 'word-font-size': 'calc(5vw + 3vh + 1.5vmin)', 'shadow': '#000000', 'word-color': 'green', 'word_border_color': 'black'}
2023-08-23 17:33:08,876 - app_log - DEBUG - times: {'Montag': ['43', '22'], 'Dienstag': ['sda', 'dsa'], 'Mittwoch': ['dsdssadsa', 'ssss'], 'Donnerstag': ['7s', 'dsad'], 'Freitag': ['9s', '10']}
2023-08-23 17:33:09,261 - app_log - DEBUG - Changes Detected
2023-08-23 17:33:38,073 - app_log - DEBUG - Init
2023-08-23 17:35:44,269 - app_log - DEBUG - Init
2023-08-23 17:45:45,374 - app_log - DEBUG - Init
2023-08-23 17:46:12,739 - app_log - DEBUG - Changes Detected
2023-08-23 17:46:22,868 - app_log - DEBUG - css_vars: {'header-bg-color': '#242424', 'table-text-color': '#000', 'table-bg-color': '#47ab37', 'table-border-color': 'black', 'animation-speed': '3s', 'table-font-size': '2.2vw', 'table-border-thickness': '0.3vh', 'table-text': '4.9vw', 'word-font-size': 'calc(5vw + 3vh + 1.5vmin)', 'shadow': '#000000', 'word-color': 'green', 'word_border_color': 'black'}
2023-08-23 17:46:22,868 - app_log - DEBUG - times: {'Montag': ['43', '22'], 'Dienstag': ['sda', 'dsa'], 'Mittwoch': ['dsdssadsa', 'ssss'], 'Donnerstag': ['7s', 'dsad'], 'Freitag': ['9s', '10']}
2023-08-23 17:46:37,705 - app_log - DEBUG - css_vars: {'header-bg-color': '#242424', 'table-text-color': '#000', 'table-bg-color': '#47ab37', 'table-border-color': 'black', 'animation-speed': '3s', 'table-font-size': '2.2vw', 'table-border-thickness': '0.3vh', 'table-text': '4.9vw', 'word-font-size': 'calc(5vw + 3vh + 1.5vmin)', 'shadow': '#000000', 'word-color': 'red', 'word_border_color': 'black'}
2023-08-23 17:46:37,705 - app_log - DEBUG - times: {'Montag': ['43', '22'], 'Dienstag': ['sda', 'dsa'], 'Mittwoch': ['dsdssadsa', 'ssss'], 'Donnerstag': ['7s', 'dsad'], 'Freitag': ['9s', '10']}
2023-08-23 17:46:38,240 - app_log - DEBUG - Changes Detected
2023-08-23 17:46:45,355 - app_log - DEBUG - css_vars: {'header-bg-color': '#242424', 'table-text-color': '#000', 'table-bg-color': '#47ab37', 'table-border-color': 'black', 'animation-speed': '3s', 'table-font-size': '2.2vw', 'table-border-thickness': '0.3vh', 'table-text': '4.9vw', 'word-font-size': 'calc(5vw + 3vh + 1.5vmin)', 'shadow': '#000000', 'word-color': 'red', 'word_border_color': 'black'}
2023-08-23 17:46:45,355 - app_log - DEBUG - times: {'Montag': ['43', '22'], 'Dienstag': ['sda', 'dsa'], 'Mittwoch': ['dsdssadsa', 'ssss'], 'Donnerstag': ['7s', 'dsad'], 'Freitag': ['9s', '10']}
2023-08-23 17:46:45,891 - app_log - DEBUG - Changes Detected
2023-08-23 17:46:51,812 - app_log - DEBUG - css_vars: {'header-bg-color': '#242424', 'table-text-color': '#000', 'table-bg-color': '#47ab37', 'table-border-color': 'black', 'animation-speed': '3s', 'table-font-size': '2.2vw', 'table-border-thickness': '0.3vh', 'table-text': '4.9vw', 'word-font-size': 'calc(5vw + 3vh + 1.5vmin)', 'shadow': '#000000', 'word-color': 'green', 'word_border_color': 'black'}
2023-08-23 17:46:51,812 - app_log - DEBUG - times: {'Montag': ['43', '22'], 'Dienstag': ['sda', 'dsa'], 'Mittwoch': ['dsdssadsa', 'ssss'], 'Donnerstag': ['7s', 'dsad'], 'Freitag': ['9s', '10']}
2023-08-23 17:46:52,963 - app_log - DEBUG - css_vars: {'header-bg-color': '#242424', 'table-text-color': '#000', 'table-bg-color': '#47ab37', 'table-border-color': 'black', 'animation-speed': '3s', 'table-font-size': '2.2vw', 'table-border-thickness': '0.3vh', 'table-text': '4.9vw', 'word-font-size': 'calc(5vw + 3vh + 1.5vmin)', 'shadow': '#000000', 'word-color': 'green', 'word_border_color': 'black'}
2023-08-23 17:46:52,963 - app_log - DEBUG - times: {'Montag': ['43', '22'], 'Dienstag': ['sda', 'dsa'], 'Mittwoch': ['dsdssadsa', 'ssss'], 'Donnerstag': ['7s', 'dsad'], 'Freitag': ['9s', '10']}
2023-08-23 17:46:53,261 - app_log - DEBUG - Changes Detected
2023-08-23 17:46:58,915 - app_log - DEBUG - css_vars: {'header-bg-color': '#242424', 'table-text-color': '#000', 'table-bg-color': '#47ab37', 'table-border-color': 'black', 'animation-speed': '3s', 'table-font-size': '2.2vw', 'table-border-thickness': '0.3vh', 'table-text': '4.9vw', 'word-font-size': 'calc(5vw + 3vh + 1.5vmin)', 'shadow': '#000000', 'word-color': 'green', 'word_border_color': 'black'}
2023-08-23 17:46:58,915 - app_log - DEBUG - times: {'Montag': ['43', '22'], 'Dienstag': ['sda', 'dsa'], 'Mittwoch': ['dsdssadsa', 'ssss'], 'Donnerstag': ['7s', 'dsad'], 'Freitag': ['9s', '10']}
2023-08-23 17:46:59,242 - app_log - DEBUG - Changes Detected
2023-08-23 17:47:25,260 - app_log - DEBUG - Init
2023-08-23 17:47:33,260 - app_log - DEBUG - Changes Detected
2023-08-23 17:47:34,931 - app_log - DEBUG - css_vars: {'header-bg-color': '#242424', 'table-text-color': '#000', 'table-bg-color': '#47ab37', 'table-border-color': 'black', 'animation-speed': '3s', 'table-font-size': '2.2vw', 'table-border-thickness': '0.3vh', 'table-text': '4.9vw', 'word-font-size': 'calc(5vw + 3vh + 1.5vmin)', 'shadow': '#000000', 'word-color': 'red', 'word_border_color': 'black'}
2023-08-23 17:47:34,931 - app_log - DEBUG - times: {'Montag': ['43', '22'], 'Dienstag': ['sda', 'dsa'], 'Mittwoch': ['dsdssadsa', 'ssss'], 'Donnerstag': ['7s', 'dsad'], 'Freitag': ['9s', '10']}
2023-08-23 17:47:44,264 - app_log - DEBUG - Changes Detected
2023-08-23 17:47:46,357 - app_log - DEBUG - css_vars: {'header-bg-color': '#242424', 'table-text-color': '#000', 'table-bg-color': '#47ab37', 'table-border-color': 'black', 'animation-speed': '3s', 'table-font-size': '2.2vw', 'table-border-thickness': '0.3vh', 'table-text': '4.9vw', 'word-font-size': 'calc(5vw + 3vh + 1.5vmin)', 'shadow': '#000000', 'word-color': 'red', 'word_border_color': 'black'}
2023-08-23 17:47:46,357 - app_log - DEBUG - times: {'Montag': ['43', '22'], 'Dienstag': ['sda', 'dsa'], 'Mittwoch': ['dsdssadsa', 'ssss'], 'Donnerstag': ['7s', 'dsad'], 'Freitag': ['9s', '10']}
2023-08-23 17:47:56,249 - app_log - DEBUG - Changes Detected
2023-08-23 17:47:57,754 - app_log - DEBUG - Changes Detected
2023-08-23 17:47:59,556 - app_log - DEBUG - css_vars: {'header-bg-color': '#242424', 'table-text-color': '#000', 'table-bg-color': '#47ab37', 'table-border-color': 'black', 'animation-speed': '3s', 'table-font-size': '2.2vw', 'table-border-thickness': '0.3vh', 'table-text': '4.9vw', 'word-font-size': 'calc(5vw + 3vh + 1.5vmin)', 'shadow': '#000000', 'word-color': 'green', 'word_border_color': 'black'}
2023-08-23 17:47:59,556 - app_log - DEBUG - times: {'Montag': ['43', '22'], 'Dienstag': ['sda', 'dsa'], 'Mittwoch': ['dsdssadsa', 'ssss'], 'Donnerstag': ['7s', 'dsad'], 'Freitag': ['9s', '10']}
2023-08-23 17:48:05,250 - app_log - DEBUG - Changes Detected
2023-08-23 17:48:07,328 - app_log - DEBUG - css_vars: {'header-bg-color': '#242424', 'table-text-color': '#000', 'table-bg-color': '#47ab37', 'table-border-color': 'black', 'animation-speed': '3s', 'table-font-size': '2.2vw', 'table-border-thickness': '0.3vh', 'table-text': '4.9vw', 'word-font-size': 'calc(5vw + 3vh + 1.5vmin)', 'shadow': '#000000', 'word-color': 'green', 'word_border_color': 'black'}
2023-08-23 17:48:07,328 - app_log - DEBUG - times: {'Montag': ['43', '22'], 'Dienstag': ['sda', 'dsa'], 'Mittwoch': ['dsdssadsa', 'ssss'], 'Donnerstag': ['7s', 'dsad'], 'Freitag': ['9s', '10']}
2023-08-23 17:49:34,256 - app_log - DEBUG - Init
2023-08-23 17:50:04,911 - app_log - DEBUG - Init
2023-08-23 17:56:02,456 - app_log - DEBUG - Init
2023-08-23 17:56:28,568 - app_log - DEBUG - Changes Detected
2023-08-23 17:56:31,713 - app_log - DEBUG - Changes Detected
2023-08-23 17:56:40,970 - app_log - DEBUG - Changes Detected
2023-08-23 17:57:57,098 - app_log - DEBUG - css_vars: {'header-bg-color': '#242424', 'table-text-color': '#000', 'table-bg-color': '#47ab37', 'table-border-color': 'black', 'animation-speed': '3s', 'table-font-size': '2.2vw', 'table-border-thickness': '0.3vh', 'table-text': '4.9vw', 'word-font-size': 'calc(5vw + 3vh + 1.5vmin)', 'shadow': '#000000', 'word-color': 'red', 'word_border_color': 'black'}
2023-08-23 17:57:57,098 - app_log - DEBUG - times: {'Montag': ['43', '22'], 'Dienstag': ['sda', 'dsa'], 'Mittwoch': ['dsdssadsa', 'ssss'], 'Donnerstag': ['7s', 'dsad'], 'Freitag': ['9s', '10']}
2023-08-23 17:58:06,245 - app_log - DEBUG - css_vars: {'header-bg-color': '#242424', 'table-text-color': '#000', 'table-bg-color': '#47ab37', 'table-border-color': 'black', 'animation-speed': '3s', 'table-font-size': '2.2vw', 'table-border-thickness': '0.3vh', 'table-text': '4.9vw', 'word-font-size': 'calc(5vw + 3vh + 1.5vmin)', 'shadow': '#000000', 'word-color': 'green', 'word_border_color': 'black'}
2023-08-23 17:58:06,245 - app_log - DEBUG - times: {'Montag': ['43', '22'], 'Dienstag': ['sda', 'dsa'], 'Mittwoch': ['dsdssadsa', 'ssss'], 'Donnerstag': ['7s', 'dsad'], 'Freitag': ['9s', '10']}
2023-08-23 17:58:09,752 - app_log - DEBUG - css_vars: {'header-bg-color': '#242424', 'table-text-color': '#000', 'table-bg-color': '#47ab37', 'table-border-color': 'black', 'animation-speed': '3s', 'table-font-size': '2.2vw', 'table-border-thickness': '0.3vh', 'table-text': '4.9vw', 'word-font-size': 'calc(5vw + 3vh + 1.5vmin)', 'shadow': '#000000', 'word-color': 'green', 'word_border_color': 'black'}
2023-08-23 17:58:09,752 - app_log - DEBUG - times: {'Montag': ['43', '22'], 'Dienstag': ['sda', 'dsa'], 'Mittwoch': ['dsdssadsa', 'ssss'], 'Donnerstag': ['7s', 'dsad'], 'Freitag': ['9s', '10']}
2023-08-23 18:03:58,946 - app_log - DEBUG - css_vars: {'header-bg-color': '#242424', 'table-text-color': '#000', 'table-bg-color': '#47ab37', 'table-border-color': 'black', 'animation-speed': '3s', 'table-font-size': '2.2vw', 'table-border-thickness': '0.3vh', 'table-text': '4.9vw', 'word-font-size': 'calc(5vw + 3vh + 1.5vmin)', 'shadow': '#000000', 'word-color': 'green', 'word_border_color': 'black'}
2023-08-23 18:03:58,946 - app_log - DEBUG - times: {'Montag': ['43', '22'], 'Dienstag': ['sda', 'dsa'], 'Mittwoch': ['dsdssadsa', 'ssss'], 'Donnerstag': ['7s', 'dsad'], 'Freitag': ['9s', '10']}
2023-08-23 18:04:02,895 - app_log - DEBUG - css_vars: {'header-bg-color': '#242424', 'table-text-color': '#000', 'table-bg-color': '#47ab37', 'table-border-color': 'black', 'animation-speed': '3s', 'table-font-size': '2.2vw', 'table-border-thickness': '0.3vh', 'table-text': '4.9vw', 'word-font-size': 'calc(5vw + 3vh + 1.5vmin)', 'shadow': '#000000', 'word-color': 'green', 'word_border_color': 'black'}
2023-08-23 18:04:02,895 - app_log - DEBUG - times: {'Montag': ['33', '22'], 'Dienstag': ['sda', 'dsa'], 'Mittwoch': ['dsdssadsa', 'ssss'], 'Donnerstag': ['7s', 'dsad'], 'Freitag': ['9s', '10']}
2023-08-23 18:04:10,888 - app_log - DEBUG - css_vars: {'header-bg-color': '#242424', 'table-text-color': '#000', 'table-bg-color': '#47ab37', 'table-border-color': 'black', 'animation-speed': '3s', 'table-font-size': '2.2vw', 'table-border-thickness': '0.3vh', 'table-text': '4.9vw', 'word-font-size': 'calc(5vw + 3vh + 1.5vmin)', 'shadow': '#000000', 'word-color': 'red', 'word_border_color': 'black'}
2023-08-23 18:04:10,888 - app_log - DEBUG - times: {'Montag': ['33', '22'], 'Dienstag': ['sda', 'dsa'], 'Mittwoch': ['dsdssadsa', 'ssss'], 'Donnerstag': ['7s', 'dsad'], 'Freitag': ['9s', '10']}
2023-08-23 18:04:45,459 - app_log - DEBUG - css_vars: {'header-bg-color': '#242424', 'table-text-color': '#000', 'table-bg-color': '#47ab37', 'table-border-color': 'black', 'animation-speed': '3s', 'table-font-size': '2.2vw', 'table-border-thickness': '0.3vh', 'table-text': '4.9vw', 'word-font-size': 'calc(5vw + 3vh + 1.5vmin)', 'shadow': '#000000', 'word-color': 'red', 'word_border_color': 'black'}
2023-08-23 18:04:45,459 - app_log - DEBUG - times: {'Montag': ['22', '22'], 'Dienstag': ['sda', 'dsa'], 'Mittwoch': ['dsdssadsa', 'ssss'], 'Donnerstag': ['7s', 'dsad'], 'Freitag': ['9s', '10']}
2023-08-23 18:12:21,573 - app_log - DEBUG - css_vars: {'header-bg-color': '#242424', 'table-text-color': '#000', 'table-bg-color': '#47ab37', 'table-border-color': 'black', 'animation-speed': '3s', 'table-font-size': '2.2vw', 'table-border-thickness': '0.3vh', 'table-text': '4.9vw', 'word-font-size': 'calc(5vw + 3vh + 1.5vmin)', 'shadow': '#000000', 'word-color': 'red', 'word_border_color': 'black'}
2023-08-23 18:12:21,573 - app_log - DEBUG - times: {'Montag': ['22', '22'], 'Dienstag': ['sda', 'dsa'], 'Mittwoch': ['dsdssadsa', 'ssss'], 'Donnerstag': ['7s', 'dsad'], 'Freitag': ['9s', '10']}
2023-08-23 18:12:27,542 - app_log - DEBUG - css_vars: {'header-bg-color': '#242424', 'table-text-color': '#000', 'table-bg-color': '#47ab37', 'table-border-color': 'black', 'animation-speed': '3s', 'table-font-size': '2.2vw', 'table-border-thickness': '0.3vh', 'table-text': '4.9vw', 'word-font-size': 'calc(5vw + 3vh + 1.5vmin)', 'shadow': '#000000', 'word-color': 'red', 'word_border_color': 'black'}
2023-08-23 18:12:27,542 - app_log - DEBUG - times: {'Montag': ['33', '22'], 'Dienstag': ['sda', 'dsa'], 'Mittwoch': ['dsdssadsa', 'ssss'], 'Donnerstag': ['7s', 'dsad'], 'Freitag': ['9s', '10']}
